<?xml version="1.0" encoding="UTF-8"?>
<robot generator="Robot 5.0.1 (Python 3.10.5 on darwin)" generated="20220622 16:29:30.054" rpa="false" schemaversion="3">
<suite id="s1" name="TestCases" source="/Users/anamkhan/Documents/Mohit/HostelWorld_TechChallenge/HostelWorld-TechChallenge/TestCases">
<suite id="s1-s1" name="Test Scenario 1" source="/Users/anamkhan/Documents/Mohit/HostelWorld_TechChallenge/HostelWorld-TechChallenge/TestCases/test_scenario_1.robot">
<test id="s1-s1-t1" name="HT-001 : User is able to see the create account button." line="8">
<kw name="Open App" library="config">
<kw name="Open Application" library="AppiumLibrary">
<arg>${REMOTE_URL}</arg>
<arg>platformName=${PLATFORM_NAME}</arg>
<arg>platformVersion=${PLATFORM_VERSION}</arg>
<arg>deviceName=${DEVICE_NAME}</arg>
<arg>appPackage=${BUNDLE_ID}</arg>
<arg>appActivity=${APP_ACTIVITY}</arg>
<arg>automationName=appium</arg>
<doc>Opens a new application to given Appium server.
Capabilities of appium server, Android and iOS,
Please check https://github.com/appium/appium/blob/master/docs/en/writing-running-appium/server-args.md
| *Option*            | *Man.* | *Description*     |
| remote_url          | Yes    | Appium server url |
| alias               | no     | alias             |</doc>
<status status="PASS" starttime="20220622 16:29:30.668" endtime="20220622 16:29:45.236"/>
</kw>
<kw name="Capture Page Screenshot" library="AppiumLibrary">
<doc>Takes a screenshot of the current page and embeds it into the log.</doc>
<msg timestamp="20220622 16:29:46.101" level="INFO" html="true">&lt;/td&gt;&lt;/tr&gt;&lt;tr&gt;&lt;td colspan="3"&gt;&lt;a href="appium-screenshot-1.png"&gt;&lt;img src="appium-screenshot-1.png" width="800px"&gt;&lt;/a&gt;</msg>
<status status="PASS" starttime="20220622 16:29:45.236" endtime="20220622 16:29:46.101"/>
</kw>
<status status="PASS" starttime="20220622 16:29:30.667" endtime="20220622 16:29:46.101"/>
</kw>
<kw name="Verify Create Account Button">
<kw name="Wait Until Page Contains Element" library="AppiumLibrary">
<arg>${HOMESCREEN_CREATE_ACCOUNT}</arg>
<doc>Waits until element specified with `locator` appears on current page.</doc>
<status status="PASS" starttime="20220622 16:29:46.102" endtime="20220622 16:29:47.333"/>
</kw>
<kw name="Capture Page Screenshot" library="AppiumLibrary">
<doc>Takes a screenshot of the current page and embeds it into the log.</doc>
<msg timestamp="20220622 16:29:47.917" level="INFO" html="true">&lt;/td&gt;&lt;/tr&gt;&lt;tr&gt;&lt;td colspan="3"&gt;&lt;a href="appium-screenshot-2.png"&gt;&lt;img src="appium-screenshot-2.png" width="800px"&gt;&lt;/a&gt;</msg>
<status status="PASS" starttime="20220622 16:29:47.333" endtime="20220622 16:29:47.917"/>
</kw>
<status status="PASS" starttime="20220622 16:29:46.101" endtime="20220622 16:29:47.918"/>
</kw>
<kw name="Close All Apps" library="config">
<kw name="Close All Applications" library="AppiumLibrary">
<doc>Closes all open applications.</doc>
<status status="PASS" starttime="20220622 16:29:47.918" endtime="20220622 16:29:49.929"/>
</kw>
<status status="PASS" starttime="20220622 16:29:47.918" endtime="20220622 16:29:49.930"/>
</kw>
<status status="PASS" starttime="20220622 16:29:30.667" endtime="20220622 16:29:49.930"/>
</test>
<test id="s1-s1-t2" name="HT-002 : User is able to see the login button." line="13">
<kw name="Open App" library="config">
<kw name="Open Application" library="AppiumLibrary">
<arg>${REMOTE_URL}</arg>
<arg>platformName=${PLATFORM_NAME}</arg>
<arg>platformVersion=${PLATFORM_VERSION}</arg>
<arg>deviceName=${DEVICE_NAME}</arg>
<arg>appPackage=${BUNDLE_ID}</arg>
<arg>appActivity=${APP_ACTIVITY}</arg>
<arg>automationName=appium</arg>
<doc>Opens a new application to given Appium server.
Capabilities of appium server, Android and iOS,
Please check https://github.com/appium/appium/blob/master/docs/en/writing-running-appium/server-args.md
| *Option*            | *Man.* | *Description*     |
| remote_url          | Yes    | Appium server url |
| alias               | no     | alias             |</doc>
<status status="PASS" starttime="20220622 16:29:49.933" endtime="20220622 16:30:06.323"/>
</kw>
<kw name="Capture Page Screenshot" library="AppiumLibrary">
<doc>Takes a screenshot of the current page and embeds it into the log.</doc>
<msg timestamp="20220622 16:30:07.198" level="INFO" html="true">&lt;/td&gt;&lt;/tr&gt;&lt;tr&gt;&lt;td colspan="3"&gt;&lt;a href="appium-screenshot-3.png"&gt;&lt;img src="appium-screenshot-3.png" width="800px"&gt;&lt;/a&gt;</msg>
<status status="PASS" starttime="20220622 16:30:06.323" endtime="20220622 16:30:07.198"/>
</kw>
<status status="PASS" starttime="20220622 16:29:49.932" endtime="20220622 16:30:07.198"/>
</kw>
<kw name="Verify Login Button">
<kw name="Wait Until Page Contains Element" library="AppiumLibrary">
<arg>${HOMESCREEN_LOGIN}</arg>
<doc>Waits until element specified with `locator` appears on current page.</doc>
<status status="PASS" starttime="20220622 16:30:07.199" endtime="20220622 16:30:08.917"/>
</kw>
<kw name="Capture Page Screenshot" library="AppiumLibrary">
<doc>Takes a screenshot of the current page and embeds it into the log.</doc>
<msg timestamp="20220622 16:30:09.574" level="INFO" html="true">&lt;/td&gt;&lt;/tr&gt;&lt;tr&gt;&lt;td colspan="3"&gt;&lt;a href="appium-screenshot-4.png"&gt;&lt;img src="appium-screenshot-4.png" width="800px"&gt;&lt;/a&gt;</msg>
<status status="PASS" starttime="20220622 16:30:08.917" endtime="20220622 16:30:09.574"/>
</kw>
<status status="PASS" starttime="20220622 16:30:07.198" endtime="20220622 16:30:09.574"/>
</kw>
<kw name="Close All Apps" library="config">
<kw name="Close All Applications" library="AppiumLibrary">
<doc>Closes all open applications.</doc>
<status status="PASS" starttime="20220622 16:30:09.576" endtime="20220622 16:30:11.544"/>
</kw>
<status status="PASS" starttime="20220622 16:30:09.575" endtime="20220622 16:30:11.544"/>
</kw>
<status status="PASS" starttime="20220622 16:29:49.931" endtime="20220622 16:30:11.544"/>
</test>
<status status="PASS" starttime="20220622 16:29:30.112" endtime="20220622 16:30:11.547"/>
</suite>
<suite id="s1-s2" name="Test Scenario 2" source="/Users/anamkhan/Documents/Mohit/HostelWorld_TechChallenge/HostelWorld-TechChallenge/TestCases/test_scenario_2.robot">
<test id="s1-s2-t1" name="HT-005 : User enters the details correctly and is able to create account." line="7">
<kw name="Open App" library="config">
<kw name="Open Application" library="AppiumLibrary">
<arg>${REMOTE_URL}</arg>
<arg>platformName=${PLATFORM_NAME}</arg>
<arg>platformVersion=${PLATFORM_VERSION}</arg>
<arg>deviceName=${DEVICE_NAME}</arg>
<arg>appPackage=${BUNDLE_ID}</arg>
<arg>appActivity=${APP_ACTIVITY}</arg>
<arg>automationName=appium</arg>
<doc>Opens a new application to given Appium server.
Capabilities of appium server, Android and iOS,
Please check https://github.com/appium/appium/blob/master/docs/en/writing-running-appium/server-args.md
| *Option*            | *Man.* | *Description*     |
| remote_url          | Yes    | Appium server url |
| alias               | no     | alias             |</doc>
<status status="PASS" starttime="20220622 16:30:11.569" endtime="20220622 16:30:25.674"/>
</kw>
<kw name="Capture Page Screenshot" library="AppiumLibrary">
<doc>Takes a screenshot of the current page and embeds it into the log.</doc>
<msg timestamp="20220622 16:30:26.537" level="INFO" html="true">&lt;/td&gt;&lt;/tr&gt;&lt;tr&gt;&lt;td colspan="3"&gt;&lt;a href="appium-screenshot-5.png"&gt;&lt;img src="appium-screenshot-5.png" width="800px"&gt;&lt;/a&gt;</msg>
<status status="PASS" starttime="20220622 16:30:25.674" endtime="20220622 16:30:26.537"/>
</kw>
<status status="PASS" starttime="20220622 16:30:11.568" endtime="20220622 16:30:26.537"/>
</kw>
<kw name="Create Account Successfully">
<kw name="Wait Until Page Contains Element" library="AppiumLibrary">
<arg>${HOMESCREEN_CREATE_ACCOUNT}</arg>
<doc>Waits until element specified with `locator` appears on current page.</doc>
<status status="PASS" starttime="20220622 16:30:26.538" endtime="20220622 16:30:27.569"/>
</kw>
<kw name="Tap" library="AppiumLibrary">
<arg>${HOMESCREEN_CREATE_ACCOUNT}</arg>
<doc>Tap element identified by ``locator``. </doc>
<status status="PASS" starttime="20220622 16:30:27.569" endtime="20220622 16:30:29.440"/>
</kw>
<kw name="Wait Until Page Contains Element" library="AppiumLibrary">
<arg>${REGISTER_FIRST_NAME}</arg>
<doc>Waits until element specified with `locator` appears on current page.</doc>
<status status="PASS" starttime="20220622 16:30:29.440" endtime="20220622 16:30:29.510"/>
</kw>
<kw name="Capture Page Screenshot" library="AppiumLibrary">
<doc>Takes a screenshot of the current page and embeds it into the log.</doc>
<msg timestamp="20220622 16:30:30.124" level="INFO" html="true">&lt;/td&gt;&lt;/tr&gt;&lt;tr&gt;&lt;td colspan="3"&gt;&lt;a href="appium-screenshot-6.png"&gt;&lt;img src="appium-screenshot-6.png" width="800px"&gt;&lt;/a&gt;</msg>
<status status="PASS" starttime="20220622 16:30:29.511" endtime="20220622 16:30:30.124"/>
</kw>
<kw name="Input Text" library="AppiumLibrary">
<arg>${REGISTER_FIRST_NAME}</arg>
<arg>${FIRST_NAME}</arg>
<doc>Types the given `text` into text field identified by `locator`.</doc>
<msg timestamp="20220622 16:30:30.127" level="INFO">Typing text 'Mohit' into text field 'xpath=/hierarchy/android.widget.FrameLayout/android.widget.LinearLayout/android.widget.FrameLayout/android.view.ViewGroup/android.widget.FrameLayout[2]/android.view.ViewGroup/android.widget.EditText[1]'</msg>
<status status="PASS" starttime="20220622 16:30:30.124" endtime="20220622 16:30:30.982"/>
</kw>
<kw name="Input Text" library="AppiumLibrary">
<arg>${REGISTER_LAST_NAME}</arg>
<arg>${LAST_NAME}</arg>
<doc>Types the given `text` into text field identified by `locator`.</doc>
<msg timestamp="20220622 16:30:30.987" level="INFO">Typing text 'Rochwani' into text field 'xpath=/hierarchy/android.widget.FrameLayout/android.widget.LinearLayout/android.widget.FrameLayout/android.view.ViewGroup/android.widget.FrameLayout[2]/android.view.ViewGroup/android.widget.EditText[2]'</msg>
<status status="PASS" starttime="20220622 16:30:30.982" endtime="20220622 16:30:32.091"/>
</kw>
<kw name="Input Text" library="AppiumLibrary">
<arg>${REGISTER_EMAIL}</arg>
<arg>${EMAIL}</arg>
<doc>Types the given `text` into text field identified by `locator`.</doc>
<msg timestamp="20220622 16:30:32.095" level="INFO">Typing text 'mohit.r787@gmail.com' into text field 'xpath=/hierarchy/android.widget.FrameLayout/android.widget.LinearLayout/android.widget.FrameLayout/android.view.ViewGroup/android.widget.FrameLayout[2]/android.view.ViewGroup/android.widget.EditText[3]'</msg>
<status status="PASS" starttime="20220622 16:30:32.091" endtime="20220622 16:30:33.232"/>
</kw>
<kw name="Input Text" library="AppiumLibrary">
<arg>${REGISTER_PASSWORD}</arg>
<arg>${PASSWORD}</arg>
<doc>Types the given `text` into text field identified by `locator`.</doc>
<msg timestamp="20220622 16:30:33.239" level="INFO">Typing text 'mohit.r787' into text field 'xpath=/hierarchy/android.widget.FrameLayout/android.widget.LinearLayout/android.widget.FrameLayout/android.view.ViewGroup/android.widget.FrameLayout[2]/android.view.ViewGroup/android.widget.EditText[4]'</msg>
<status status="PASS" starttime="20220622 16:30:33.233" endtime="20220622 16:30:34.346"/>
</kw>
<kw name="Capture Page Screenshot" library="AppiumLibrary">
<doc>Takes a screenshot of the current page and embeds it into the log.</doc>
<msg timestamp="20220622 16:30:34.871" level="INFO" html="true">&lt;/td&gt;&lt;/tr&gt;&lt;tr&gt;&lt;td colspan="3"&gt;&lt;a href="appium-screenshot-7.png"&gt;&lt;img src="appium-screenshot-7.png" width="800px"&gt;&lt;/a&gt;</msg>
<status status="PASS" starttime="20220622 16:30:34.347" endtime="20220622 16:30:34.871"/>
</kw>
<kw name="Tap" library="AppiumLibrary">
<arg>${REGISTER_CREATE_ACCOUNT_BUTTON}</arg>
<doc>Tap element identified by ``locator``. </doc>
<status status="PASS" starttime="20220622 16:30:34.871" endtime="20220622 16:30:35.414"/>
</kw>
<kw name="Sleep" library="BuiltIn">
<arg>3 seconds</arg>
<doc>Pauses the test executed for the given time.</doc>
<msg timestamp="20220622 16:30:38.415" level="INFO">Slept 3 seconds</msg>
<status status="PASS" starttime="20220622 16:30:35.415" endtime="20220622 16:30:38.416"/>
</kw>
<kw name="Capture Page Screenshot" library="AppiumLibrary">
<doc>Takes a screenshot of the current page and embeds it into the log.</doc>
<msg timestamp="20220622 16:30:38.976" level="INFO" html="true">&lt;/td&gt;&lt;/tr&gt;&lt;tr&gt;&lt;td colspan="3"&gt;&lt;a href="appium-screenshot-8.png"&gt;&lt;img src="appium-screenshot-8.png" width="800px"&gt;&lt;/a&gt;</msg>
<status status="PASS" starttime="20220622 16:30:38.416" endtime="20220622 16:30:38.976"/>
</kw>
<status status="PASS" starttime="20220622 16:30:26.538" endtime="20220622 16:30:38.976"/>
</kw>
<kw name="Close All Apps" library="config">
<kw name="Close All Applications" library="AppiumLibrary">
<doc>Closes all open applications.</doc>
<status status="PASS" starttime="20220622 16:30:38.977" endtime="20220622 16:30:40.589"/>
</kw>
<status status="PASS" starttime="20220622 16:30:38.976" endtime="20220622 16:30:40.590"/>
</kw>
<status status="PASS" starttime="20220622 16:30:11.566" endtime="20220622 16:30:40.591"/>
</test>
<status status="PASS" starttime="20220622 16:30:11.550" endtime="20220622 16:30:40.592"/>
</suite>
<suite id="s1-s3" name="Test Scenario 3" source="/Users/anamkhan/Documents/Mohit/HostelWorld_TechChallenge/HostelWorld-TechChallenge/TestCases/test_scenario_3.robot">
<test id="s1-s3-t1" name="HT-003 : User leaves all the text box blank." line="7">
<kw name="Open App" library="config">
<kw name="Open Application" library="AppiumLibrary">
<arg>${REMOTE_URL}</arg>
<arg>platformName=${PLATFORM_NAME}</arg>
<arg>platformVersion=${PLATFORM_VERSION}</arg>
<arg>deviceName=${DEVICE_NAME}</arg>
<arg>appPackage=${BUNDLE_ID}</arg>
<arg>appActivity=${APP_ACTIVITY}</arg>
<arg>automationName=appium</arg>
<doc>Opens a new application to given Appium server.
Capabilities of appium server, Android and iOS,
Please check https://github.com/appium/appium/blob/master/docs/en/writing-running-appium/server-args.md
| *Option*            | *Man.* | *Description*     |
| remote_url          | Yes    | Appium server url |
| alias               | no     | alias             |</doc>
<status status="PASS" starttime="20220622 16:30:40.604" endtime="20220622 16:30:55.821"/>
</kw>
<kw name="Capture Page Screenshot" library="AppiumLibrary">
<doc>Takes a screenshot of the current page and embeds it into the log.</doc>
<msg timestamp="20220622 16:30:56.546" level="INFO" html="true">&lt;/td&gt;&lt;/tr&gt;&lt;tr&gt;&lt;td colspan="3"&gt;&lt;a href="appium-screenshot-9.png"&gt;&lt;img src="appium-screenshot-9.png" width="800px"&gt;&lt;/a&gt;</msg>
<status status="PASS" starttime="20220622 16:30:55.822" endtime="20220622 16:30:56.546"/>
</kw>
<status status="PASS" starttime="20220622 16:30:40.603" endtime="20220622 16:30:56.547"/>
</kw>
<kw name="Create Account empty text fields">
<kw name="Wait Until Page Contains Element" library="AppiumLibrary">
<arg>${HOMESCREEN_CREATE_ACCOUNT}</arg>
<doc>Waits until element specified with `locator` appears on current page.</doc>
<status status="PASS" starttime="20220622 16:30:56.548" endtime="20220622 16:30:58.446"/>
</kw>
<kw name="Tap" library="AppiumLibrary">
<arg>${HOMESCREEN_CREATE_ACCOUNT}</arg>
<doc>Tap element identified by ``locator``. </doc>
<status status="PASS" starttime="20220622 16:30:58.447" endtime="20220622 16:30:59.039"/>
</kw>
<kw name="Wait Until Page Contains Element" library="AppiumLibrary">
<arg>${REGISTER_FIRST_NAME}</arg>
<doc>Waits until element specified with `locator` appears on current page.</doc>
<status status="PASS" starttime="20220622 16:30:59.040" endtime="20220622 16:31:02.073"/>
</kw>
<kw name="Capture Page Screenshot" library="AppiumLibrary">
<doc>Takes a screenshot of the current page and embeds it into the log.</doc>
<msg timestamp="20220622 16:31:02.836" level="INFO" html="true">&lt;/td&gt;&lt;/tr&gt;&lt;tr&gt;&lt;td colspan="3"&gt;&lt;a href="appium-screenshot-10.png"&gt;&lt;img src="appium-screenshot-10.png" width="800px"&gt;&lt;/a&gt;</msg>
<status status="PASS" starttime="20220622 16:31:02.074" endtime="20220622 16:31:02.837"/>
</kw>
<kw name="Tap" library="AppiumLibrary">
<arg>${REGISTER_CREATE_ACCOUNT_BUTTON}</arg>
<doc>Tap element identified by ``locator``. </doc>
<status status="PASS" starttime="20220622 16:31:02.839" endtime="20220622 16:31:03.313"/>
</kw>
<kw name="Sleep" library="BuiltIn">
<arg>3 seconds</arg>
<doc>Pauses the test executed for the given time.</doc>
<msg timestamp="20220622 16:31:06.315" level="INFO">Slept 3 seconds</msg>
<status status="PASS" starttime="20220622 16:31:03.313" endtime="20220622 16:31:06.316"/>
</kw>
<kw name="Capture Page Screenshot" library="AppiumLibrary">
<doc>Takes a screenshot of the current page and embeds it into the log.</doc>
<msg timestamp="20220622 16:31:06.956" level="INFO" html="true">&lt;/td&gt;&lt;/tr&gt;&lt;tr&gt;&lt;td colspan="3"&gt;&lt;a href="appium-screenshot-11.png"&gt;&lt;img src="appium-screenshot-11.png" width="800px"&gt;&lt;/a&gt;</msg>
<status status="PASS" starttime="20220622 16:31:06.316" endtime="20220622 16:31:06.956"/>
</kw>
<status status="PASS" starttime="20220622 16:30:56.547" endtime="20220622 16:31:06.956"/>
</kw>
<kw name="Close All Apps" library="config">
<kw name="Close All Applications" library="AppiumLibrary">
<doc>Closes all open applications.</doc>
<status status="PASS" starttime="20220622 16:31:06.957" endtime="20220622 16:31:08.596"/>
</kw>
<status status="PASS" starttime="20220622 16:31:06.957" endtime="20220622 16:31:08.596"/>
</kw>
<status status="PASS" starttime="20220622 16:30:40.602" endtime="20220622 16:31:08.597"/>
</test>
<test id="s1-s3-t2" name="HT-004 : User enters invalid email." line="12">
<kw name="Open App" library="config">
<kw name="Open Application" library="AppiumLibrary">
<arg>${REMOTE_URL}</arg>
<arg>platformName=${PLATFORM_NAME}</arg>
<arg>platformVersion=${PLATFORM_VERSION}</arg>
<arg>deviceName=${DEVICE_NAME}</arg>
<arg>appPackage=${BUNDLE_ID}</arg>
<arg>appActivity=${APP_ACTIVITY}</arg>
<arg>automationName=appium</arg>
<doc>Opens a new application to given Appium server.
Capabilities of appium server, Android and iOS,
Please check https://github.com/appium/appium/blob/master/docs/en/writing-running-appium/server-args.md
| *Option*            | *Man.* | *Description*     |
| remote_url          | Yes    | Appium server url |
| alias               | no     | alias             |</doc>
<status status="PASS" starttime="20220622 16:31:08.600" endtime="20220622 16:31:23.465"/>
</kw>
<kw name="Capture Page Screenshot" library="AppiumLibrary">
<doc>Takes a screenshot of the current page and embeds it into the log.</doc>
<msg timestamp="20220622 16:31:24.314" level="INFO" html="true">&lt;/td&gt;&lt;/tr&gt;&lt;tr&gt;&lt;td colspan="3"&gt;&lt;a href="appium-screenshot-12.png"&gt;&lt;img src="appium-screenshot-12.png" width="800px"&gt;&lt;/a&gt;</msg>
<status status="PASS" starttime="20220622 16:31:23.465" endtime="20220622 16:31:24.314"/>
</kw>
<status status="PASS" starttime="20220622 16:31:08.599" endtime="20220622 16:31:24.314"/>
</kw>
<kw name="Create Account invalid email">
<kw name="Wait Until Page Contains Element" library="AppiumLibrary">
<arg>${HOMESCREEN_CREATE_ACCOUNT}</arg>
<doc>Waits until element specified with `locator` appears on current page.</doc>
<status status="PASS" starttime="20220622 16:31:24.315" endtime="20220622 16:31:25.735"/>
</kw>
<kw name="Tap" library="AppiumLibrary">
<arg>${HOMESCREEN_CREATE_ACCOUNT}</arg>
<doc>Tap element identified by ``locator``. </doc>
<status status="PASS" starttime="20220622 16:31:25.735" endtime="20220622 16:31:26.324"/>
</kw>
<kw name="Wait Until Page Contains Element" library="AppiumLibrary">
<arg>${REGISTER_FIRST_NAME}</arg>
<doc>Waits until element specified with `locator` appears on current page.</doc>
<status status="PASS" starttime="20220622 16:31:26.324" endtime="20220622 16:31:28.651"/>
</kw>
<kw name="Capture Page Screenshot" library="AppiumLibrary">
<doc>Takes a screenshot of the current page and embeds it into the log.</doc>
<msg timestamp="20220622 16:31:29.303" level="INFO" html="true">&lt;/td&gt;&lt;/tr&gt;&lt;tr&gt;&lt;td colspan="3"&gt;&lt;a href="appium-screenshot-13.png"&gt;&lt;img src="appium-screenshot-13.png" width="800px"&gt;&lt;/a&gt;</msg>
<status status="PASS" starttime="20220622 16:31:28.651" endtime="20220622 16:31:29.303"/>
</kw>
<kw name="Input Text" library="AppiumLibrary">
<arg>${REGISTER_FIRST_NAME}</arg>
<arg>${FIRST_NAME}</arg>
<doc>Types the given `text` into text field identified by `locator`.</doc>
<msg timestamp="20220622 16:31:29.312" level="INFO">Typing text 'Mohit' into text field 'xpath=/hierarchy/android.widget.FrameLayout/android.widget.LinearLayout/android.widget.FrameLayout/android.view.ViewGroup/android.widget.FrameLayout[2]/android.view.ViewGroup/android.widget.EditText[1]'</msg>
<status status="PASS" starttime="20220622 16:31:29.303" endtime="20220622 16:31:30.033"/>
</kw>
<kw name="Input Text" library="AppiumLibrary">
<arg>${REGISTER_LAST_NAME}</arg>
<arg>${LAST_NAME}</arg>
<doc>Types the given `text` into text field identified by `locator`.</doc>
<msg timestamp="20220622 16:31:30.036" level="INFO">Typing text 'Rochwani' into text field 'xpath=/hierarchy/android.widget.FrameLayout/android.widget.LinearLayout/android.widget.FrameLayout/android.view.ViewGroup/android.widget.FrameLayout[2]/android.view.ViewGroup/android.widget.EditText[2]'</msg>
<status status="PASS" starttime="20220622 16:31:30.033" endtime="20220622 16:31:31.226"/>
</kw>
<kw name="Input Text" library="AppiumLibrary">
<arg>${REGISTER_EMAIL}</arg>
<arg>mohit.r787</arg>
<doc>Types the given `text` into text field identified by `locator`.</doc>
<msg timestamp="20220622 16:31:31.231" level="INFO">Typing text 'mohit.r787' into text field 'xpath=/hierarchy/android.widget.FrameLayout/android.widget.LinearLayout/android.widget.FrameLayout/android.view.ViewGroup/android.widget.FrameLayout[2]/android.view.ViewGroup/android.widget.EditText[3]'</msg>
<status status="PASS" starttime="20220622 16:31:31.226" endtime="20220622 16:31:32.368"/>
</kw>
<kw name="Input Text" library="AppiumLibrary">
<arg>${REGISTER_PASSWORD}</arg>
<arg>${PASSWORD}</arg>
<doc>Types the given `text` into text field identified by `locator`.</doc>
<msg timestamp="20220622 16:31:32.372" level="INFO">Typing text 'mohit.r787' into text field 'xpath=/hierarchy/android.widget.FrameLayout/android.widget.LinearLayout/android.widget.FrameLayout/android.view.ViewGroup/android.widget.FrameLayout[2]/android.view.ViewGroup/android.widget.EditText[4]'</msg>
<status status="PASS" starttime="20220622 16:31:32.368" endtime="20220622 16:31:33.407"/>
</kw>
<kw name="Capture Page Screenshot" library="AppiumLibrary">
<doc>Takes a screenshot of the current page and embeds it into the log.</doc>
<msg timestamp="20220622 16:31:34.033" level="INFO" html="true">&lt;/td&gt;&lt;/tr&gt;&lt;tr&gt;&lt;td colspan="3"&gt;&lt;a href="appium-screenshot-14.png"&gt;&lt;img src="appium-screenshot-14.png" width="800px"&gt;&lt;/a&gt;</msg>
<status status="PASS" starttime="20220622 16:31:33.407" endtime="20220622 16:31:34.033"/>
</kw>
<kw name="Tap" library="AppiumLibrary">
<arg>${REGISTER_CREATE_ACCOUNT_BUTTON}</arg>
<doc>Tap element identified by ``locator``. </doc>
<status status="PASS" starttime="20220622 16:31:34.034" endtime="20220622 16:31:34.384"/>
</kw>
<kw name="Sleep" library="BuiltIn">
<arg>3 seconds</arg>
<doc>Pauses the test executed for the given time.</doc>
<msg timestamp="20220622 16:31:37.386" level="INFO">Slept 3 seconds</msg>
<status status="PASS" starttime="20220622 16:31:34.384" endtime="20220622 16:31:37.386"/>
</kw>
<kw name="Capture Page Screenshot" library="AppiumLibrary">
<doc>Takes a screenshot of the current page and embeds it into the log.</doc>
<msg timestamp="20220622 16:31:38.111" level="INFO" html="true">&lt;/td&gt;&lt;/tr&gt;&lt;tr&gt;&lt;td colspan="3"&gt;&lt;a href="appium-screenshot-15.png"&gt;&lt;img src="appium-screenshot-15.png" width="800px"&gt;&lt;/a&gt;</msg>
<status status="PASS" starttime="20220622 16:31:37.387" endtime="20220622 16:31:38.111"/>
</kw>
<status status="PASS" starttime="20220622 16:31:24.314" endtime="20220622 16:31:38.112"/>
</kw>
<kw name="Close All Apps" library="config">
<kw name="Close All Applications" library="AppiumLibrary">
<doc>Closes all open applications.</doc>
<status status="PASS" starttime="20220622 16:31:38.112" endtime="20220622 16:31:39.978"/>
</kw>
<status status="PASS" starttime="20220622 16:31:38.112" endtime="20220622 16:31:39.979"/>
</kw>
<status status="PASS" starttime="20220622 16:31:08.597" endtime="20220622 16:31:39.979"/>
</test>
<status status="PASS" starttime="20220622 16:30:40.594" endtime="20220622 16:31:39.980"/>
</suite>
<suite id="s1-s4" name="Test Scenario 4" source="/Users/anamkhan/Documents/Mohit/HostelWorld_TechChallenge/HostelWorld-TechChallenge/TestCases/test_scenario_4.robot">
<test id="s1-s4-t1" name="HT-006 : User enters incorrect email id." line="7">
<kw name="Open App" library="config">
<kw name="Open Application" library="AppiumLibrary">
<arg>${REMOTE_URL}</arg>
<arg>platformName=${PLATFORM_NAME}</arg>
<arg>platformVersion=${PLATFORM_VERSION}</arg>
<arg>deviceName=${DEVICE_NAME}</arg>
<arg>appPackage=${BUNDLE_ID}</arg>
<arg>appActivity=${APP_ACTIVITY}</arg>
<arg>automationName=appium</arg>
<doc>Opens a new application to given Appium server.
Capabilities of appium server, Android and iOS,
Please check https://github.com/appium/appium/blob/master/docs/en/writing-running-appium/server-args.md
| *Option*            | *Man.* | *Description*     |
| remote_url          | Yes    | Appium server url |
| alias               | no     | alias             |</doc>
<status status="PASS" starttime="20220622 16:31:39.992" endtime="20220622 16:31:54.069"/>
</kw>
<kw name="Capture Page Screenshot" library="AppiumLibrary">
<doc>Takes a screenshot of the current page and embeds it into the log.</doc>
<msg timestamp="20220622 16:31:54.817" level="INFO" html="true">&lt;/td&gt;&lt;/tr&gt;&lt;tr&gt;&lt;td colspan="3"&gt;&lt;a href="appium-screenshot-16.png"&gt;&lt;img src="appium-screenshot-16.png" width="800px"&gt;&lt;/a&gt;</msg>
<status status="PASS" starttime="20220622 16:31:54.069" endtime="20220622 16:31:54.818"/>
</kw>
<status status="PASS" starttime="20220622 16:31:39.992" endtime="20220622 16:31:54.818"/>
</kw>
<kw name="Login Failure Incorrect email">
<kw name="Wait Until Page Contains Element" library="AppiumLibrary">
<arg>${HOMESCREEN_LOGIN}</arg>
<doc>Waits until element specified with `locator` appears on current page.</doc>
<status status="PASS" starttime="20220622 16:31:54.819" endtime="20220622 16:31:56.218"/>
</kw>
<kw name="Tap" library="AppiumLibrary">
<arg>${HOMESCREEN_LOGIN}</arg>
<doc>Tap element identified by ``locator``. </doc>
<status status="PASS" starttime="20220622 16:31:56.218" endtime="20220622 16:31:56.662"/>
</kw>
<kw name="Wait Until Page Contains Element" library="AppiumLibrary">
<arg>${LOGIN_EMAIL}</arg>
<doc>Waits until element specified with `locator` appears on current page.</doc>
<status status="PASS" starttime="20220622 16:31:56.662" endtime="20220622 16:31:58.951"/>
</kw>
<kw name="Capture Page Screenshot" library="AppiumLibrary">
<doc>Takes a screenshot of the current page and embeds it into the log.</doc>
<msg timestamp="20220622 16:31:59.684" level="INFO" html="true">&lt;/td&gt;&lt;/tr&gt;&lt;tr&gt;&lt;td colspan="3"&gt;&lt;a href="appium-screenshot-17.png"&gt;&lt;img src="appium-screenshot-17.png" width="800px"&gt;&lt;/a&gt;</msg>
<status status="PASS" starttime="20220622 16:31:58.951" endtime="20220622 16:31:59.684"/>
</kw>
<kw name="Input Text" library="AppiumLibrary">
<arg>${LOGIN_EMAIL}</arg>
<arg>qwerty</arg>
<doc>Types the given `text` into text field identified by `locator`.</doc>
<msg timestamp="20220622 16:31:59.688" level="INFO">Typing text 'qwerty' into text field 'xpath=/hierarchy/android.widget.FrameLayout/android.widget.LinearLayout/android.widget.FrameLayout/android.view.ViewGroup/android.widget.FrameLayout[2]/android.view.ViewGroup/android.widget.EditText[1]'</msg>
<status status="PASS" starttime="20220622 16:31:59.684" endtime="20220622 16:32:01.207"/>
</kw>
<kw name="Input Text" library="AppiumLibrary">
<arg>${LOGIN_PASSWORD}</arg>
<arg>mohit.r787</arg>
<doc>Types the given `text` into text field identified by `locator`.</doc>
<msg timestamp="20220622 16:32:01.214" level="INFO">Typing text 'mohit.r787' into text field 'xpath=/hierarchy/android.widget.FrameLayout/android.widget.LinearLayout/android.widget.FrameLayout/android.view.ViewGroup/android.widget.FrameLayout[2]/android.view.ViewGroup/android.widget.EditText[2]'</msg>
<status status="PASS" starttime="20220622 16:32:01.208" endtime="20220622 16:32:02.057"/>
</kw>
<kw name="Tap" library="AppiumLibrary">
<arg>${LOGIN_BUTTON}</arg>
<doc>Tap element identified by ``locator``. </doc>
<status status="PASS" starttime="20220622 16:32:02.057" endtime="20220622 16:32:03.204"/>
</kw>
<kw name="Capture Page Screenshot" library="AppiumLibrary">
<doc>Takes a screenshot of the current page and embeds it into the log.</doc>
<msg timestamp="20220622 16:32:04.218" level="INFO" html="true">&lt;/td&gt;&lt;/tr&gt;&lt;tr&gt;&lt;td colspan="3"&gt;&lt;a href="appium-screenshot-18.png"&gt;&lt;img src="appium-screenshot-18.png" width="800px"&gt;&lt;/a&gt;</msg>
<status status="PASS" starttime="20220622 16:32:03.204" endtime="20220622 16:32:04.218"/>
</kw>
<status status="PASS" starttime="20220622 16:31:54.818" endtime="20220622 16:32:04.218"/>
</kw>
<kw name="Close All Apps" library="config">
<kw name="Close All Applications" library="AppiumLibrary">
<doc>Closes all open applications.</doc>
<status status="PASS" starttime="20220622 16:32:04.219" endtime="20220622 16:32:06.591"/>
</kw>
<status status="PASS" starttime="20220622 16:32:04.219" endtime="20220622 16:32:06.591"/>
</kw>
<status status="PASS" starttime="20220622 16:31:39.991" endtime="20220622 16:32:06.592"/>
</test>
<test id="s1-s4-t2" name="HT-007 : User enters incorrect password." line="12">
<kw name="Open App" library="config">
<kw name="Open Application" library="AppiumLibrary">
<arg>${REMOTE_URL}</arg>
<arg>platformName=${PLATFORM_NAME}</arg>
<arg>platformVersion=${PLATFORM_VERSION}</arg>
<arg>deviceName=${DEVICE_NAME}</arg>
<arg>appPackage=${BUNDLE_ID}</arg>
<arg>appActivity=${APP_ACTIVITY}</arg>
<arg>automationName=appium</arg>
<doc>Opens a new application to given Appium server.
Capabilities of appium server, Android and iOS,
Please check https://github.com/appium/appium/blob/master/docs/en/writing-running-appium/server-args.md
| *Option*            | *Man.* | *Description*     |
| remote_url          | Yes    | Appium server url |
| alias               | no     | alias             |</doc>
<status status="PASS" starttime="20220622 16:32:06.594" endtime="20220622 16:32:21.498"/>
</kw>
<kw name="Capture Page Screenshot" library="AppiumLibrary">
<doc>Takes a screenshot of the current page and embeds it into the log.</doc>
<msg timestamp="20220622 16:32:22.380" level="INFO" html="true">&lt;/td&gt;&lt;/tr&gt;&lt;tr&gt;&lt;td colspan="3"&gt;&lt;a href="appium-screenshot-19.png"&gt;&lt;img src="appium-screenshot-19.png" width="800px"&gt;&lt;/a&gt;</msg>
<status status="PASS" starttime="20220622 16:32:21.498" endtime="20220622 16:32:22.380"/>
</kw>
<status status="PASS" starttime="20220622 16:32:06.593" endtime="20220622 16:32:22.380"/>
</kw>
<kw name="Login Failure Incorrect email">
<kw name="Wait Until Page Contains Element" library="AppiumLibrary">
<arg>${HOMESCREEN_LOGIN}</arg>
<doc>Waits until element specified with `locator` appears on current page.</doc>
<status status="PASS" starttime="20220622 16:32:22.381" endtime="20220622 16:32:23.542"/>
</kw>
<kw name="Tap" library="AppiumLibrary">
<arg>${HOMESCREEN_LOGIN}</arg>
<doc>Tap element identified by ``locator``. </doc>
<status status="PASS" starttime="20220622 16:32:23.543" endtime="20220622 16:32:24.197"/>
</kw>
<kw name="Wait Until Page Contains Element" library="AppiumLibrary">
<arg>${LOGIN_EMAIL}</arg>
<doc>Waits until element specified with `locator` appears on current page.</doc>
<status status="PASS" starttime="20220622 16:32:24.197" endtime="20220622 16:32:26.325"/>
</kw>
<kw name="Capture Page Screenshot" library="AppiumLibrary">
<doc>Takes a screenshot of the current page and embeds it into the log.</doc>
<msg timestamp="20220622 16:32:27.092" level="INFO" html="true">&lt;/td&gt;&lt;/tr&gt;&lt;tr&gt;&lt;td colspan="3"&gt;&lt;a href="appium-screenshot-20.png"&gt;&lt;img src="appium-screenshot-20.png" width="800px"&gt;&lt;/a&gt;</msg>
<status status="PASS" starttime="20220622 16:32:26.325" endtime="20220622 16:32:27.093"/>
</kw>
<kw name="Input Text" library="AppiumLibrary">
<arg>${LOGIN_EMAIL}</arg>
<arg>qwerty</arg>
<doc>Types the given `text` into text field identified by `locator`.</doc>
<msg timestamp="20220622 16:32:27.096" level="INFO">Typing text 'qwerty' into text field 'xpath=/hierarchy/android.widget.FrameLayout/android.widget.LinearLayout/android.widget.FrameLayout/android.view.ViewGroup/android.widget.FrameLayout[2]/android.view.ViewGroup/android.widget.EditText[1]'</msg>
<status status="PASS" starttime="20220622 16:32:27.094" endtime="20220622 16:32:27.371"/>
</kw>
<kw name="Input Text" library="AppiumLibrary">
<arg>${LOGIN_PASSWORD}</arg>
<arg>mohit.r787</arg>
<doc>Types the given `text` into text field identified by `locator`.</doc>
<msg timestamp="20220622 16:32:27.379" level="INFO">Typing text 'mohit.r787' into text field 'xpath=/hierarchy/android.widget.FrameLayout/android.widget.LinearLayout/android.widget.FrameLayout/android.view.ViewGroup/android.widget.FrameLayout[2]/android.view.ViewGroup/android.widget.EditText[2]'</msg>
<status status="PASS" starttime="20220622 16:32:27.372" endtime="20220622 16:32:28.783"/>
</kw>
<kw name="Tap" library="AppiumLibrary">
<arg>${LOGIN_BUTTON}</arg>
<doc>Tap element identified by ``locator``. </doc>
<status status="PASS" starttime="20220622 16:32:28.783" endtime="20220622 16:32:29.747"/>
</kw>
<kw name="Capture Page Screenshot" library="AppiumLibrary">
<doc>Takes a screenshot of the current page and embeds it into the log.</doc>
<msg timestamp="20220622 16:32:30.823" level="INFO" html="true">&lt;/td&gt;&lt;/tr&gt;&lt;tr&gt;&lt;td colspan="3"&gt;&lt;a href="appium-screenshot-21.png"&gt;&lt;img src="appium-screenshot-21.png" width="800px"&gt;&lt;/a&gt;</msg>
<status status="PASS" starttime="20220622 16:32:29.748" endtime="20220622 16:32:30.823"/>
</kw>
<status status="PASS" starttime="20220622 16:32:22.380" endtime="20220622 16:32:30.823"/>
</kw>
<kw name="Close All Apps" library="config">
<kw name="Close All Applications" library="AppiumLibrary">
<doc>Closes all open applications.</doc>
<status status="PASS" starttime="20220622 16:32:30.825" endtime="20220622 16:32:32.967"/>
</kw>
<status status="PASS" starttime="20220622 16:32:30.824" endtime="20220622 16:32:32.967"/>
</kw>
<status status="PASS" starttime="20220622 16:32:06.593" endtime="20220622 16:32:32.968"/>
</test>
<status status="PASS" starttime="20220622 16:31:39.983" endtime="20220622 16:32:32.969"/>
</suite>
<suite id="s1-s5" name="Test Scenario 5" source="/Users/anamkhan/Documents/Mohit/HostelWorld_TechChallenge/HostelWorld-TechChallenge/TestCases/test_scenario_5.robot">
<test id="s1-s5-t1" name="HT-008 : User is able to navigate to the Account details screen with correct email and password." line="7">
<kw name="Open App" library="config">
<kw name="Open Application" library="AppiumLibrary">
<arg>${REMOTE_URL}</arg>
<arg>platformName=${PLATFORM_NAME}</arg>
<arg>platformVersion=${PLATFORM_VERSION}</arg>
<arg>deviceName=${DEVICE_NAME}</arg>
<arg>appPackage=${BUNDLE_ID}</arg>
<arg>appActivity=${APP_ACTIVITY}</arg>
<arg>automationName=appium</arg>
<doc>Opens a new application to given Appium server.
Capabilities of appium server, Android and iOS,
Please check https://github.com/appium/appium/blob/master/docs/en/writing-running-appium/server-args.md
| *Option*            | *Man.* | *Description*     |
| remote_url          | Yes    | Appium server url |
| alias               | no     | alias             |</doc>
<status status="PASS" starttime="20220622 16:32:32.984" endtime="20220622 16:32:47.025"/>
</kw>
<kw name="Capture Page Screenshot" library="AppiumLibrary">
<doc>Takes a screenshot of the current page and embeds it into the log.</doc>
<msg timestamp="20220622 16:32:47.908" level="INFO" html="true">&lt;/td&gt;&lt;/tr&gt;&lt;tr&gt;&lt;td colspan="3"&gt;&lt;a href="appium-screenshot-22.png"&gt;&lt;img src="appium-screenshot-22.png" width="800px"&gt;&lt;/a&gt;</msg>
<status status="PASS" starttime="20220622 16:32:47.026" endtime="20220622 16:32:47.909"/>
</kw>
<status status="PASS" starttime="20220622 16:32:32.983" endtime="20220622 16:32:47.909"/>
</kw>
<kw name="Create Account Successfully">
<kw name="Wait Until Page Contains Element" library="AppiumLibrary">
<arg>${HOMESCREEN_CREATE_ACCOUNT}</arg>
<doc>Waits until element specified with `locator` appears on current page.</doc>
<status status="PASS" starttime="20220622 16:32:47.910" endtime="20220622 16:32:49.082"/>
</kw>
<kw name="Tap" library="AppiumLibrary">
<arg>${HOMESCREEN_CREATE_ACCOUNT}</arg>
<doc>Tap element identified by ``locator``. </doc>
<status status="PASS" starttime="20220622 16:32:49.082" endtime="20220622 16:32:49.697"/>
</kw>
<kw name="Wait Until Page Contains Element" library="AppiumLibrary">
<arg>${REGISTER_FIRST_NAME}</arg>
<doc>Waits until element specified with `locator` appears on current page.</doc>
<status status="PASS" starttime="20220622 16:32:49.697" endtime="20220622 16:32:52.011"/>
</kw>
<kw name="Input Text" library="AppiumLibrary">
<arg>${REGISTER_FIRST_NAME}</arg>
<arg>${FIRST_NAME}</arg>
<doc>Types the given `text` into text field identified by `locator`.</doc>
<msg timestamp="20220622 16:32:52.014" level="INFO">Typing text 'Mohit' into text field 'xpath=/hierarchy/android.widget.FrameLayout/android.widget.LinearLayout/android.widget.FrameLayout/android.view.ViewGroup/android.widget.FrameLayout[2]/android.view.ViewGroup/android.widget.EditText[1]'</msg>
<status status="PASS" starttime="20220622 16:32:52.011" endtime="20220622 16:32:52.733"/>
</kw>
<kw name="Input Text" library="AppiumLibrary">
<arg>${REGISTER_LAST_NAME}</arg>
<arg>${LAST_NAME}</arg>
<doc>Types the given `text` into text field identified by `locator`.</doc>
<msg timestamp="20220622 16:32:52.739" level="INFO">Typing text 'Rochwani' into text field 'xpath=/hierarchy/android.widget.FrameLayout/android.widget.LinearLayout/android.widget.FrameLayout/android.view.ViewGroup/android.widget.FrameLayout[2]/android.view.ViewGroup/android.widget.EditText[2]'</msg>
<status status="PASS" starttime="20220622 16:32:52.733" endtime="20220622 16:32:53.381"/>
</kw>
<kw name="Input Text" library="AppiumLibrary">
<arg>${REGISTER_EMAIL}</arg>
<arg>${EMAIL}</arg>
<doc>Types the given `text` into text field identified by `locator`.</doc>
<msg timestamp="20220622 16:32:53.390" level="INFO">Typing text 'mohit.r787@gmail.com' into text field 'xpath=/hierarchy/android.widget.FrameLayout/android.widget.LinearLayout/android.widget.FrameLayout/android.view.ViewGroup/android.widget.FrameLayout[2]/android.view.ViewGroup/android.widget.EditText[3]'</msg>
<status status="PASS" starttime="20220622 16:32:53.381" endtime="20220622 16:32:54.493"/>
</kw>
<kw name="Input Text" library="AppiumLibrary">
<arg>${REGISTER_PASSWORD}</arg>
<arg>${PASSWORD}</arg>
<doc>Types the given `text` into text field identified by `locator`.</doc>
<msg timestamp="20220622 16:32:54.496" level="INFO">Typing text 'mohit.r787' into text field 'xpath=/hierarchy/android.widget.FrameLayout/android.widget.LinearLayout/android.widget.FrameLayout/android.view.ViewGroup/android.widget.FrameLayout[2]/android.view.ViewGroup/android.widget.EditText[4]'</msg>
<status status="PASS" starttime="20220622 16:32:54.494" endtime="20220622 16:32:55.116"/>
</kw>
<kw name="Tap" library="AppiumLibrary">
<arg>${REGISTER_CREATE_ACCOUNT_BUTTON}</arg>
<doc>Tap element identified by ``locator``. </doc>
<status status="PASS" starttime="20220622 16:32:55.117" endtime="20220622 16:32:58.115"/>
</kw>
<kw name="Sleep" library="BuiltIn">
<arg>3 seconds</arg>
<doc>Pauses the test executed for the given time.</doc>
<msg timestamp="20220622 16:33:01.116" level="INFO">Slept 3 seconds</msg>
<status status="PASS" starttime="20220622 16:32:58.115" endtime="20220622 16:33:01.117"/>
</kw>
<status status="PASS" starttime="20220622 16:32:47.909" endtime="20220622 16:33:01.117"/>
</kw>
<kw name="Login Successful">
<kw name="Wait Until Page Contains Element" library="AppiumLibrary">
<arg>${HOMESCREEN_LOGIN}</arg>
<doc>Waits until element specified with `locator` appears on current page.</doc>
<status status="PASS" starttime="20220622 16:33:01.120" endtime="20220622 16:33:01.187"/>
</kw>
<kw name="Tap" library="AppiumLibrary">
<arg>${HOMESCREEN_LOGIN}</arg>
<doc>Tap element identified by ``locator``. </doc>
<status status="PASS" starttime="20220622 16:33:01.188" endtime="20220622 16:33:01.551"/>
</kw>
<kw name="Wait Until Page Contains Element" library="AppiumLibrary">
<arg>${LOGIN_EMAIL}</arg>
<doc>Waits until element specified with `locator` appears on current page.</doc>
<status status="PASS" starttime="20220622 16:33:01.552" endtime="20220622 16:33:03.353"/>
</kw>
<kw name="Capture Page Screenshot" library="AppiumLibrary">
<doc>Takes a screenshot of the current page and embeds it into the log.</doc>
<msg timestamp="20220622 16:33:04.085" level="INFO" html="true">&lt;/td&gt;&lt;/tr&gt;&lt;tr&gt;&lt;td colspan="3"&gt;&lt;a href="appium-screenshot-23.png"&gt;&lt;img src="appium-screenshot-23.png" width="800px"&gt;&lt;/a&gt;</msg>
<status status="PASS" starttime="20220622 16:33:03.353" endtime="20220622 16:33:04.085"/>
</kw>
<kw name="Input Text" library="AppiumLibrary">
<arg>${LOGIN_EMAIL}</arg>
<arg>${EMAIL}</arg>
<doc>Types the given `text` into text field identified by `locator`.</doc>
<msg timestamp="20220622 16:33:04.092" level="INFO">Typing text 'mohit.r787@gmail.com' into text field 'xpath=/hierarchy/android.widget.FrameLayout/android.widget.LinearLayout/android.widget.FrameLayout/android.view.ViewGroup/android.widget.FrameLayout[2]/android.view.ViewGroup/android.widget.EditText[1]'</msg>
<status status="PASS" starttime="20220622 16:33:04.086" endtime="20220622 16:33:04.463"/>
</kw>
<kw name="Input Text" library="AppiumLibrary">
<arg>${LOGIN_PASSWORD}</arg>
<arg>${PASSWORD}</arg>
<doc>Types the given `text` into text field identified by `locator`.</doc>
<msg timestamp="20220622 16:33:04.466" level="INFO">Typing text 'mohit.r787' into text field 'xpath=/hierarchy/android.widget.FrameLayout/android.widget.LinearLayout/android.widget.FrameLayout/android.view.ViewGroup/android.widget.FrameLayout[2]/android.view.ViewGroup/android.widget.EditText[2]'</msg>
<status status="PASS" starttime="20220622 16:33:04.463" endtime="20220622 16:33:05.224"/>
</kw>
<kw name="Tap" library="AppiumLibrary">
<arg>${LOGIN_BUTTON}</arg>
<doc>Tap element identified by ``locator``. </doc>
<status status="PASS" starttime="20220622 16:33:05.224" endtime="20220622 16:33:08.831"/>
</kw>
<kw name="Wait Until Page Contains Element" library="AppiumLibrary">
<arg>${ACCOUNT_NAME}</arg>
<doc>Waits until element specified with `locator` appears on current page.</doc>
<status status="PASS" starttime="20220622 16:33:08.831" endtime="20220622 16:33:09.094"/>
</kw>
<kw name="Capture Page Screenshot" library="AppiumLibrary">
<doc>Takes a screenshot of the current page and embeds it into the log.</doc>
<msg timestamp="20220622 16:33:09.833" level="INFO" html="true">&lt;/td&gt;&lt;/tr&gt;&lt;tr&gt;&lt;td colspan="3"&gt;&lt;a href="appium-screenshot-24.png"&gt;&lt;img src="appium-screenshot-24.png" width="800px"&gt;&lt;/a&gt;</msg>
<status status="PASS" starttime="20220622 16:33:09.094" endtime="20220622 16:33:09.834"/>
</kw>
<status status="PASS" starttime="20220622 16:33:01.119" endtime="20220622 16:33:09.834"/>
</kw>
<kw name="Close All Apps" library="config">
<kw name="Close All Applications" library="AppiumLibrary">
<doc>Closes all open applications.</doc>
<status status="PASS" starttime="20220622 16:33:09.835" endtime="20220622 16:33:11.946"/>
</kw>
<status status="PASS" starttime="20220622 16:33:09.834" endtime="20220622 16:33:11.946"/>
</kw>
<status status="PASS" starttime="20220622 16:32:32.981" endtime="20220622 16:33:11.947"/>
</test>
<test id="s1-s5-t2" name="HT-009 : User is able to logout." line="13">
<kw name="Open App" library="config">
<kw name="Open Application" library="AppiumLibrary">
<arg>${REMOTE_URL}</arg>
<arg>platformName=${PLATFORM_NAME}</arg>
<arg>platformVersion=${PLATFORM_VERSION}</arg>
<arg>deviceName=${DEVICE_NAME}</arg>
<arg>appPackage=${BUNDLE_ID}</arg>
<arg>appActivity=${APP_ACTIVITY}</arg>
<arg>automationName=appium</arg>
<doc>Opens a new application to given Appium server.
Capabilities of appium server, Android and iOS,
Please check https://github.com/appium/appium/blob/master/docs/en/writing-running-appium/server-args.md
| *Option*            | *Man.* | *Description*     |
| remote_url          | Yes    | Appium server url |
| alias               | no     | alias             |</doc>
<status status="PASS" starttime="20220622 16:33:11.950" endtime="20220622 16:33:26.500"/>
</kw>
<kw name="Capture Page Screenshot" library="AppiumLibrary">
<doc>Takes a screenshot of the current page and embeds it into the log.</doc>
<msg timestamp="20220622 16:33:27.592" level="INFO" html="true">&lt;/td&gt;&lt;/tr&gt;&lt;tr&gt;&lt;td colspan="3"&gt;&lt;a href="appium-screenshot-25.png"&gt;&lt;img src="appium-screenshot-25.png" width="800px"&gt;&lt;/a&gt;</msg>
<status status="PASS" starttime="20220622 16:33:26.500" endtime="20220622 16:33:27.593"/>
</kw>
<status status="PASS" starttime="20220622 16:33:11.949" endtime="20220622 16:33:27.593"/>
</kw>
<kw name="Create Account Successfully">
<kw name="Wait Until Page Contains Element" library="AppiumLibrary">
<arg>${HOMESCREEN_CREATE_ACCOUNT}</arg>
<doc>Waits until element specified with `locator` appears on current page.</doc>
<status status="PASS" starttime="20220622 16:33:27.594" endtime="20220622 16:33:29.800"/>
</kw>
<kw name="Tap" library="AppiumLibrary">
<arg>${HOMESCREEN_CREATE_ACCOUNT}</arg>
<doc>Tap element identified by ``locator``. </doc>
<status status="PASS" starttime="20220622 16:33:29.801" endtime="20220622 16:33:30.559"/>
</kw>
<kw name="Wait Until Page Contains Element" library="AppiumLibrary">
<arg>${REGISTER_FIRST_NAME}</arg>
<doc>Waits until element specified with `locator` appears on current page.</doc>
<status status="PASS" starttime="20220622 16:33:30.559" endtime="20220622 16:33:34.316"/>
</kw>
<kw name="Input Text" library="AppiumLibrary">
<arg>${REGISTER_FIRST_NAME}</arg>
<arg>${FIRST_NAME}</arg>
<doc>Types the given `text` into text field identified by `locator`.</doc>
<msg timestamp="20220622 16:33:34.322" level="INFO">Typing text 'Mohit' into text field 'xpath=/hierarchy/android.widget.FrameLayout/android.widget.LinearLayout/android.widget.FrameLayout/android.view.ViewGroup/android.widget.FrameLayout[2]/android.view.ViewGroup/android.widget.EditText[1]'</msg>
<status status="PASS" starttime="20220622 16:33:34.316" endtime="20220622 16:33:35.161"/>
</kw>
<kw name="Input Text" library="AppiumLibrary">
<arg>${REGISTER_LAST_NAME}</arg>
<arg>${LAST_NAME}</arg>
<doc>Types the given `text` into text field identified by `locator`.</doc>
<msg timestamp="20220622 16:33:35.167" level="INFO">Typing text 'Rochwani' into text field 'xpath=/hierarchy/android.widget.FrameLayout/android.widget.LinearLayout/android.widget.FrameLayout/android.view.ViewGroup/android.widget.FrameLayout[2]/android.view.ViewGroup/android.widget.EditText[2]'</msg>
<status status="PASS" starttime="20220622 16:33:35.161" endtime="20220622 16:33:36.087"/>
</kw>
<kw name="Input Text" library="AppiumLibrary">
<arg>${REGISTER_EMAIL}</arg>
<arg>${EMAIL}</arg>
<doc>Types the given `text` into text field identified by `locator`.</doc>
<msg timestamp="20220622 16:33:36.092" level="INFO">Typing text 'mohit.r787@gmail.com' into text field 'xpath=/hierarchy/android.widget.FrameLayout/android.widget.LinearLayout/android.widget.FrameLayout/android.view.ViewGroup/android.widget.FrameLayout[2]/android.view.ViewGroup/android.widget.EditText[3]'</msg>
<status status="PASS" starttime="20220622 16:33:36.087" endtime="20220622 16:33:37.188"/>
</kw>
<kw name="Input Text" library="AppiumLibrary">
<arg>${REGISTER_PASSWORD}</arg>
<arg>${PASSWORD}</arg>
<doc>Types the given `text` into text field identified by `locator`.</doc>
<msg timestamp="20220622 16:33:37.192" level="INFO">Typing text 'mohit.r787' into text field 'xpath=/hierarchy/android.widget.FrameLayout/android.widget.LinearLayout/android.widget.FrameLayout/android.view.ViewGroup/android.widget.FrameLayout[2]/android.view.ViewGroup/android.widget.EditText[4]'</msg>
<status status="PASS" starttime="20220622 16:33:37.189" endtime="20220622 16:33:37.882"/>
</kw>
<kw name="Tap" library="AppiumLibrary">
<arg>${REGISTER_CREATE_ACCOUNT_BUTTON}</arg>
<doc>Tap element identified by ``locator``. </doc>
<status status="PASS" starttime="20220622 16:33:37.882" endtime="20220622 16:33:38.911"/>
</kw>
<kw name="Sleep" library="BuiltIn">
<arg>3 seconds</arg>
<doc>Pauses the test executed for the given time.</doc>
<msg timestamp="20220622 16:33:41.913" level="INFO">Slept 3 seconds</msg>
<status status="PASS" starttime="20220622 16:33:38.912" endtime="20220622 16:33:41.913"/>
</kw>
<status status="PASS" starttime="20220622 16:33:27.593" endtime="20220622 16:33:41.914"/>
</kw>
<kw name="Login Successful">
<kw name="Wait Until Page Contains Element" library="AppiumLibrary">
<arg>${HOMESCREEN_LOGIN}</arg>
<doc>Waits until element specified with `locator` appears on current page.</doc>
<status status="PASS" starttime="20220622 16:33:41.915" endtime="20220622 16:33:41.971"/>
</kw>
<kw name="Tap" library="AppiumLibrary">
<arg>${HOMESCREEN_LOGIN}</arg>
<doc>Tap element identified by ``locator``. </doc>
<status status="PASS" starttime="20220622 16:33:41.971" endtime="20220622 16:33:42.513"/>
</kw>
<kw name="Wait Until Page Contains Element" library="AppiumLibrary">
<arg>${LOGIN_EMAIL}</arg>
<doc>Waits until element specified with `locator` appears on current page.</doc>
<status status="PASS" starttime="20220622 16:33:42.514" endtime="20220622 16:33:44.377"/>
</kw>
<kw name="Capture Page Screenshot" library="AppiumLibrary">
<doc>Takes a screenshot of the current page and embeds it into the log.</doc>
<msg timestamp="20220622 16:33:45.261" level="INFO" html="true">&lt;/td&gt;&lt;/tr&gt;&lt;tr&gt;&lt;td colspan="3"&gt;&lt;a href="appium-screenshot-26.png"&gt;&lt;img src="appium-screenshot-26.png" width="800px"&gt;&lt;/a&gt;</msg>
<status status="PASS" starttime="20220622 16:33:44.377" endtime="20220622 16:33:45.261"/>
</kw>
<kw name="Input Text" library="AppiumLibrary">
<arg>${LOGIN_EMAIL}</arg>
<arg>${EMAIL}</arg>
<doc>Types the given `text` into text field identified by `locator`.</doc>
<msg timestamp="20220622 16:33:45.266" level="INFO">Typing text 'mohit.r787@gmail.com' into text field 'xpath=/hierarchy/android.widget.FrameLayout/android.widget.LinearLayout/android.widget.FrameLayout/android.view.ViewGroup/android.widget.FrameLayout[2]/android.view.ViewGroup/android.widget.EditText[1]'</msg>
<status status="PASS" starttime="20220622 16:33:45.261" endtime="20220622 16:33:45.557"/>
</kw>
<kw name="Input Text" library="AppiumLibrary">
<arg>${LOGIN_PASSWORD}</arg>
<arg>${PASSWORD}</arg>
<doc>Types the given `text` into text field identified by `locator`.</doc>
<msg timestamp="20220622 16:33:45.560" level="INFO">Typing text 'mohit.r787' into text field 'xpath=/hierarchy/android.widget.FrameLayout/android.widget.LinearLayout/android.widget.FrameLayout/android.view.ViewGroup/android.widget.FrameLayout[2]/android.view.ViewGroup/android.widget.EditText[2]'</msg>
<status status="PASS" starttime="20220622 16:33:45.557" endtime="20220622 16:33:46.380"/>
</kw>
<kw name="Tap" library="AppiumLibrary">
<arg>${LOGIN_BUTTON}</arg>
<doc>Tap element identified by ``locator``. </doc>
<status status="PASS" starttime="20220622 16:33:46.381" endtime="20220622 16:33:47.411"/>
</kw>
<kw name="Wait Until Page Contains Element" library="AppiumLibrary">
<arg>${ACCOUNT_NAME}</arg>
<doc>Waits until element specified with `locator` appears on current page.</doc>
<status status="PASS" starttime="20220622 16:33:47.412" endtime="20220622 16:33:50.373"/>
</kw>
<kw name="Capture Page Screenshot" library="AppiumLibrary">
<doc>Takes a screenshot of the current page and embeds it into the log.</doc>
<msg timestamp="20220622 16:33:51.234" level="INFO" html="true">&lt;/td&gt;&lt;/tr&gt;&lt;tr&gt;&lt;td colspan="3"&gt;&lt;a href="appium-screenshot-27.png"&gt;&lt;img src="appium-screenshot-27.png" width="800px"&gt;&lt;/a&gt;</msg>
<status status="PASS" starttime="20220622 16:33:50.374" endtime="20220622 16:33:51.234"/>
</kw>
<status status="PASS" starttime="20220622 16:33:41.914" endtime="20220622 16:33:51.234"/>
</kw>
<kw name="Logout">
<kw name="Wait Until Page Contains Element" library="AppiumLibrary">
<arg>${LOGOUT_BUTTON}</arg>
<doc>Waits until element specified with `locator` appears on current page.</doc>
<status status="PASS" starttime="20220622 16:33:51.236" endtime="20220622 16:33:51.415"/>
</kw>
<kw name="Capture Page Screenshot" library="AppiumLibrary">
<doc>Takes a screenshot of the current page and embeds it into the log.</doc>
<msg timestamp="20220622 16:33:52.593" level="INFO" html="true">&lt;/td&gt;&lt;/tr&gt;&lt;tr&gt;&lt;td colspan="3"&gt;&lt;a href="appium-screenshot-28.png"&gt;&lt;img src="appium-screenshot-28.png" width="800px"&gt;&lt;/a&gt;</msg>
<status status="PASS" starttime="20220622 16:33:51.415" endtime="20220622 16:33:52.593"/>
</kw>
<status status="PASS" starttime="20220622 16:33:51.235" endtime="20220622 16:33:52.593"/>
</kw>
<kw name="Close All Apps" library="config">
<kw name="Close All Applications" library="AppiumLibrary">
<doc>Closes all open applications.</doc>
<status status="PASS" starttime="20220622 16:33:52.594" endtime="20220622 16:33:54.658"/>
</kw>
<status status="PASS" starttime="20220622 16:33:52.594" endtime="20220622 16:33:54.659"/>
</kw>
<status status="PASS" starttime="20220622 16:33:11.948" endtime="20220622 16:33:54.659"/>
</test>
<status status="PASS" starttime="20220622 16:32:32.971" endtime="20220622 16:33:54.661"/>
</suite>
<status status="PASS" starttime="20220622 16:29:30.058" endtime="20220622 16:33:54.663"/>
</suite>
<statistics>
<total>
<stat pass="9" fail="0" skip="0">All Tests</stat>
</total>
<tag>
</tag>
<suite>
<stat pass="9" fail="0" skip="0" id="s1" name="TestCases">TestCases</stat>
<stat pass="2" fail="0" skip="0" id="s1-s1" name="Test Scenario 1">TestCases.Test Scenario 1</stat>
<stat pass="1" fail="0" skip="0" id="s1-s2" name="Test Scenario 2">TestCases.Test Scenario 2</stat>
<stat pass="2" fail="0" skip="0" id="s1-s3" name="Test Scenario 3">TestCases.Test Scenario 3</stat>
<stat pass="2" fail="0" skip="0" id="s1-s4" name="Test Scenario 4">TestCases.Test Scenario 4</stat>
<stat pass="2" fail="0" skip="0" id="s1-s5" name="Test Scenario 5">TestCases.Test Scenario 5</stat>
</suite>
</statistics>
<errors>
</errors>
</robot>
